[0m[[0m[0mdebug[0m] [0m[0m> Exec(test, Some(c385f618-a0ac-47e8-946d-0063dc2fcd61), Some(CommandSource(console0)))[0m
[0m[[0m[0mdebug[0m] [0m[0mEvaluating tasks: Test / test[0m
[0m[[0m[0mdebug[0m] [0m[0mRunning task... Cancel: bloop.integrations.sbt.Offloader$$anon$1@4acc27fd, check cycles: false, forcegc: true[0m
[0m[[0m[0mdebug[0m] [0m[0mjsonRpcNotify: JsonRpcNotificationMessage(2.0, build/taskStart, {"taskId":{"id":"16","parents":[]},"eventTime":1635356876312,"message":"Compiling tp_mr","dataKind":"compile-task","data":{"target":{"uri":"file:/C:/Users/PONNOU%20Wilfried/Desktop/Nouveau%20dossier/tpMR/TP_MR/#tp_mr/Compile"}}})[0m
[0m[[0m[0mdebug[0m] [0m[0mjsonRpcNotify: JsonRpcNotificationMessage(2.0, build/publishDiagnostics, {"textDocument":{"uri":"file:///C:/Users/PONNOU%20Wilfried/Desktop/Nouveau%20dossier/tpMR/TP_MR/src/main/scala/TP_MR.scala"},"buildTarget":{"uri":"file:/C:/Users/PONNOU%20Wilfried/Desktop/Nouveau%20dossier/tpMR/TP_MR/#tp_mr/Compile"},"diagnostics":[],"reset":true})[0m
[0m[[0m[0mdebug[0m] [0m[0mjsonRpcNotify: JsonRpcNotificationMessage(2.0, build/taskFinish, {"taskId":{"id":"16","parents":[]},"eventTime":1635356876369,"message":"Compiled tp_mr","status":1,"dataKind":"compile-report","data":{"target":{"uri":"file:/C:/Users/PONNOU%20Wilfried/Desktop/Nouveau%20dossier/tpMR/TP_MR/#tp_mr/Compile"},"errors":0,"warnings":0,"time":57}})[0m
[0m[[0m[0mdebug[0m] [0m[0mjsonRpcNotify: JsonRpcNotificationMessage(2.0, build/taskStart, {"taskId":{"id":"17","parents":[]},"eventTime":1635356876393,"message":"Compiling tp_mr-test","dataKind":"compile-task","data":{"target":{"uri":"file:/C:/Users/PONNOU%20Wilfried/Desktop/Nouveau%20dossier/tpMR/TP_MR/#tp_mr/Test"}}})[0m
[0m[[0m[0mdebug[0m] [0m[0mjsonRpcNotify: JsonRpcNotificationMessage(2.0, build/publishDiagnostics, {"textDocument":{"uri":"file:///C:/Users/PONNOU%20Wilfried/Desktop/Nouveau%20dossier/tpMR/TP_MR/src/test/scala/TP_MR.scala"},"buildTarget":{"uri":"file:/C:/Users/PONNOU%20Wilfried/Desktop/Nouveau%20dossier/tpMR/TP_MR/#tp_mr/Test"},"diagnostics":[],"reset":true})[0m
[0m[[0m[0mdebug[0m] [0m[0mjsonRpcNotify: JsonRpcNotificationMessage(2.0, build/taskFinish, {"taskId":{"id":"17","parents":[]},"eventTime":1635356876417,"message":"Compiled tp_mr-test","status":1,"dataKind":"compile-report","data":{"target":{"uri":"file:/C:/Users/PONNOU%20Wilfried/Desktop/Nouveau%20dossier/tpMR/TP_MR/#tp_mr/Test"},"errors":0,"warnings":0,"time":24}})[0m
[0m[[0m[0minfo[0m] [0m[0m[32mTP_MapReduce_Test:[0m[0m
[0m[[0m[0minfo[0m] [0m[0m[32m- giveMeHelloString function[0m[0m
[0m[[0m[0minfo[0m] [0m[0m[32m- lastA function[0m[0m
[0m[[0m[0minfo[0m] [0m[0m[32m- lastB function[0m[0m
[0m[[0m[0minfo[0m] [0m[0m[32m- nthA function[0m[0m
[0m[[0m[0minfo[0m] [0m[0m[32m- nthB function[0m[0m
[0m[[0m[0minfo[0m] [0m[0m[32m- reverseA function[0m[0m
[0m[[0m[0minfo[0m] [0m[0m[32m- reverseB function[0m[0m
[0m[[0m[0minfo[0m] [0m[0m[32m- salarySum function[0m[0m
[0m[[0m[0minfo[0m] [0m[0m[32m- addressOf function[0m[0m
[0m[[0m[0minfo[0m] [0m[0m[32m- average function[0m[0m
[0m[[0m[0minfo[0m] [0m[0m[31m- monoid *** FAILED ***[0m[0m
[0m[[0m[0minfo[0m] [0m[0m[31m  scala.NotImplementedError: an implementation is missing[0m[0m
[0m[[0m[0minfo[0m] [0m[0m[31m  at scala.Predef$.$qmark$qmark$qmark(Predef.scala:347)[0m[0m
[0m[[0m[0minfo[0m] [0m[0m[31m  at TP_MR$.$anonfun$getRatingsByDepartement$1(TP_MR.scala:188)[0m[0m
[0m[[0m[0minfo[0m] [0m[0m[31m  at scala.collection.immutable.List.map(List.scala:219)[0m[0m
[0m[[0m[0minfo[0m] [0m[0m[31m  at scala.collection.immutable.List.map(List.scala:79)[0m[0m
[0m[[0m[0minfo[0m] [0m[0m[31m  at TP_MR$.getRatingsByDepartement(TP_MR.scala:186)[0m[0m
[0m[[0m[0minfo[0m] [0m[0m[31m  at TP_MR$.skiRatingAverage(TP_MR.scala:291)[0m[0m
[0m[[0m[0minfo[0m] [0m[0m[31m  at TP_MapReduce_Test.$anonfun$new$11(TP_MR.scala:72)[0m[0m
[0m[[0m[0minfo[0m] [0m[0m[31m  at org.scalatest.OutcomeOf.outcomeOf(OutcomeOf.scala:85)[0m[0m
[0m[[0m[0minfo[0m] [0m[0m[31m  at org.scalatest.OutcomeOf.outcomeOf$(OutcomeOf.scala:83)[0m[0m
[0m[[0m[0minfo[0m] [0m[0m[31m  at org.scalatest.OutcomeOf$.outcomeOf(OutcomeOf.scala:104)[0m[0m
[0m[[0m[0minfo[0m] [0m[0m[31m  ...[0m[0m
[0m[[0m[0mdebug[0m] [0m[0mjsonRpcNotify: JsonRpcNotificationMessage(2.0, build/logMessage, {"type":3,"message":"\u001b[32mTP_MapReduce_Test:\u001b[0m"})[0m
[0m[[0m[0mdebug[0m] [0m[0mjsonRpcNotify: JsonRpcNotificationMessage(2.0, build/logMessage, {"type":3,"message":"\u001b[32m- giveMeHelloString function\u001b[0m"})[0m
[0m[[0m[0mdebug[0m] [0m[0mjsonRpcNotify: JsonRpcNotificationMessage(2.0, build/logMessage, {"type":3,"message":"\u001b[32m- lastA function\u001b[0m"})[0m
[0m[[0m[0mdebug[0m] [0m[0mjsonRpcNotify: JsonRpcNotificationMessage(2.0, build/logMessage, {"type":3,"message":"\u001b[32m- lastB function\u001b[0m"})[0m
[0m[[0m[0mdebug[0m] [0m[0mjsonRpcNotify: JsonRpcNotificationMessage(2.0, build/logMessage, {"type":3,"message":"\u001b[32m- nthA function\u001b[0m"})[0m
[0m[[0m[0mdebug[0m] [0m[0mjsonRpcNotify: JsonRpcNotificationMessage(2.0, build/logMessage, {"type":3,"message":"\u001b[32m- nthB function\u001b[0m"})[0m
[0m[[0m[0mdebug[0m] [0m[0mjsonRpcNotify: JsonRpcNotificationMessage(2.0, build/logMessage, {"type":3,"message":"\u001b[32m- reverseA function\u001b[0m"})[0m
[0m[[0m[0mdebug[0m] [0m[0mjsonRpcNotify: JsonRpcNotificationMessage(2.0, build/logMessage, {"type":3,"message":"\u001b[32m- reverseB function\u001b[0m"})[0m
[0m[[0m[0mdebug[0m] [0m[0mjsonRpcNotify: JsonRpcNotificationMessage(2.0, build/logMessage, {"type":3,"message":"\u001b[32m- salarySum function\u001b[0m"})[0m
[0m[[0m[0mdebug[0m] [0m[0mjsonRpcNotify: JsonRpcNotificationMessage(2.0, build/logMessage, {"type":3,"message":"\u001b[32m- addressOf function\u001b[0m"})[0m
[0m[[0m[0mdebug[0m] [0m[0mjsonRpcNotify: JsonRpcNotificationMessage(2.0, build/logMessage, {"type":3,"message":"\u001b[32m- average function\u001b[0m"})[0m
[0m[[0m[0mdebug[0m] [0m[0mjsonRpcNotify: JsonRpcNotificationMessage(2.0, build/logMessage, {"type":3,"message":"\u001b[31m- monoid *** FAILED ***\u001b[0m"})[0m
[0m[[0m[0mdebug[0m] [0m[0mjsonRpcNotify: JsonRpcNotificationMessage(2.0, build/logMessage, {"type":3,"message":"\u001b[31m  scala.NotImplementedError: an implementation is missing\u001b[0m"})[0m
[0m[[0m[0mdebug[0m] [0m[0mjsonRpcNotify: JsonRpcNotificationMessage(2.0, build/logMessage, {"type":3,"message":"\u001b[31m  at scala.Predef$.$qmark$qmark$qmark(Predef.scala:347)\u001b[0m"})[0m
[0m[[0m[0mdebug[0m] [0m[0mjsonRpcNotify: JsonRpcNotificationMessage(2.0, build/logMessage, {"type":3,"message":"\u001b[31m  at TP_MR$.$anonfun$getRatingsByDepartement$1(TP_MR.scala:188)\u001b[0m"})[0m
[0m[[0m[0mdebug[0m] [0m[0mjsonRpcNotify: JsonRpcNotificationMessage(2.0, build/logMessage, {"type":3,"message":"\u001b[31m  at scala.collection.immutable.List.map(List.scala:219)\u001b[0m"})[0m
[0m[[0m[0mdebug[0m] [0m[0mjsonRpcNotify: JsonRpcNotificationMessage(2.0, build/logMessage, {"type":3,"message":"\u001b[31m  at scala.collection.immutable.List.map(List.scala:79)\u001b[0m"})[0m
[0m[[0m[0mdebug[0m] [0m[0mjsonRpcNotify: JsonRpcNotificationMessage(2.0, build/logMessage, {"type":3,"message":"\u001b[31m  at TP_MR$.getRatingsByDepartement(TP_MR.scala:186)\u001b[0m"})[0m
[0m[[0m[0mdebug[0m] [0m[0mjsonRpcNotify: JsonRpcNotificationMessage(2.0, build/logMessage, {"type":3,"message":"\u001b[31m  at TP_MR$.skiRatingAverage(TP_MR.scala:291)\u001b[0m"})[0m
[0m[[0m[0mdebug[0m] [0m[0mjsonRpcNotify: JsonRpcNotificationMessage(2.0, build/logMessage, {"type":3,"message":"\u001b[31m  at TP_MapReduce_Test.$anonfun$new$11(TP_MR.scala:72)\u001b[0m"})[0m
[0m[[0m[0mdebug[0m] [0m[0mjsonRpcNotify: JsonRpcNotificationMessage(2.0, build/logMessage, {"type":3,"message":"\u001b[31m  at org.scalatest.OutcomeOf.outcomeOf(OutcomeOf.scala:85)\u001b[0m"})[0m
[0m[[0m[0mdebug[0m] [0m[0mjsonRpcNotify: JsonRpcNotificationMessage(2.0, build/logMessage, {"type":3,"message":"\u001b[31m  at org.scalatest.OutcomeOf.outcomeOf$(OutcomeOf.scala:83)\u001b[0m"})[0m
[0m[[0m[0mdebug[0m] [0m[0mjsonRpcNotify: JsonRpcNotificationMessage(2.0, build/logMessage, {"type":3,"message":"\u001b[31m  at org.scalatest.OutcomeOf$.outcomeOf(OutcomeOf.scala:104)\u001b[0m"})[0m
[0m[[0m[0mdebug[0m] [0m[0mjsonRpcNotify: JsonRpcNotificationMessage(2.0, build/logMessage, {"type":3,"message":"\u001b[31m  ...\u001b[0m"})[0m
[0m[[0m[0minfo[0m] [0m[0m[36mRun completed in 600 milliseconds.[0m[0m
[0m[[0m[0minfo[0m] [0m[0m[36mTotal number of tests run: 11[0m[0m
[0m[[0m[0minfo[0m] [0m[0m[36mSuites: completed 1, aborted 0[0m[0m
[0m[[0m[0minfo[0m] [0m[0m[36mTests: succeeded 10, failed 1, canceled 0, ignored 0, pending 0[0m[0m
[0m[[0m[0minfo[0m] [0m[0m[31m*** 1 TEST FAILED ***[0m[0m
[0m[[0m[0mdebug[0m] [0m[0mjsonRpcNotify: JsonRpcNotificationMessage(2.0, build/logMessage, {"type":3,"message":"\u001b[36mRun completed in 600 milliseconds.\u001b[0m\n\u001b[36mTotal number of tests run: 11\u001b[0m\n\u001b[36mSuites: completed 1, aborted 0\u001b[0m\n\u001b[36mTests: succeeded 10, failed 1, canceled 0, ignored 0, pending 0\u001b[0m\n\u001b[31m*** 1 TEST FAILED ***\u001b[0m"})[0m
[0m[[0m[31merror[0m] [0m[0mFailed tests:[0m
[0m[[0m[0mdebug[0m] [0m[0mjsonRpcNotify: JsonRpcNotificationMessage(2.0, build/logMessage, {"type":1,"message":"Failed tests:"})[0m
[0m[[0m[31merror[0m] [0m[0m	TP_MapReduce_Test[0m
[0m[[0m[0mdebug[0m] [0m[0mjsonRpcNotify: JsonRpcNotificationMessage(2.0, build/logMessage, {"type":1,"message":"\tTP_MapReduce_Test"})[0m
[0m[[0m[31merror[0m] [0m[0m(Test / [31mtest[0m) sbt.TestsFailedException: Tests unsuccessful[0m
[0m[[0m[0mdebug[0m] [0m[0mjsonRpcNotify: JsonRpcNotificationMessage(2.0, build/logMessage, {"type":1,"message":"(Test / \u001b[31mtest\u001b[0m) sbt.TestsFailedException: Tests unsuccessful"})[0m
[0m[[0m[31merror[0m] [0m[0mTotal time: 1 s, completed 27 oct. 2021 à 19:47:57[0m
[0m[[0m[0mdebug[0m] [0m[0m> Exec(shell, None, None)[0m
[0m[[0m[0mdebug[0m] [0m[0mUnhandled notification received: $/setTraceNotification: JsonRpcNotificationMessage(2.0, $/setTraceNotification, {"value":"off"})[0m
